<?xml version="1.0" encoding="UTF-8"?>
<coverage generated="1701031974503" clover="3.2.0">
  <project timestamp="1701031974503" name="All files">
    <metrics statements="22" coveredstatements="18" conditionals="1" coveredconditionals="1" methods="10" coveredmethods="5" elements="33" coveredelements="24" complexity="0" loc="22" ncloc="22" packages="1" files="1" classes="1"/>
    <file name="createStore.ts" path="C:\Users\igor\Desktop\OTUS\FullStackDeveloper\WorkDir\JavaScript-Basic\otus-js-basic-redux-api\src\redux-api\createStore.ts">
      <metrics statements="22" coveredstatements="18" conditionals="1" coveredconditionals="1" methods="10" coveredmethods="5"/>
      <line num="3" count="1" type="stmt"/>
      <line num="8" count="6" type="stmt"/>
      <line num="9" count="6" type="stmt"/>
      <line num="11" count="6" type="stmt"/>
      <line num="13" count="6" type="stmt"/>
      <line num="14" count="0" type="stmt"/>
      <line num="19" count="6" type="stmt"/>
      <line num="20" count="6" type="stmt"/>
      <line num="21" count="6" type="stmt"/>
      <line num="22" count="3" type="stmt"/>
      <line num="24" count="6" type="stmt"/>
      <line num="27" count="6" type="stmt"/>
      <line num="28" count="3" type="stmt"/>
      <line num="30" count="3" type="stmt"/>
      <line num="31" count="1" type="stmt"/>
      <line num="35" count="6" type="stmt"/>
      <line num="37" count="0" type="stmt"/>
      <line num="41" count="6" type="stmt"/>
      <line num="43" count="6" type="stmt"/>
      <line num="44" count="0" type="stmt"/>
      <line num="49" count="0" type="stmt"/>
      <line num="52" count="6" type="stmt"/>
    </file>
  </project>
</coverage>
