{
  "C:\\Users\\igor\\Desktop\\OTUS\\FullStackDeveloper\\WorkDir\\JavaScript-Basic\\otus-js-basic-redux-api\\src\\redux-api\\createStore.ts": {
    "path": "C:\\Users\\igor\\Desktop\\OTUS\\FullStackDeveloper\\WorkDir\\JavaScript-Basic\\otus-js-basic-redux-api\\src\\redux-api\\createStore.ts",
    "statementMap": {
      "0": {
        "start": { "line": 3, "column": 50 },
        "end": { "line": 58, "column": 1 }
      },
      "1": {
        "start": { "line": 8, "column": 14 },
        "end": { "line": 8, "column": 26 }
      },
      "2": {
        "start": { "line": 9, "column": 35 },
        "end": { "line": 9, "column": 44 }
      },
      "3": {
        "start": { "line": 11, "column": 19 },
        "end": { "line": 11, "column": 30 }
      },
      "4": {
        "start": { "line": 11, "column": 25 },
        "end": { "line": 11, "column": 30 }
      },
      "5": {
        "start": { "line": 13, "column": 39 },
        "end": { "line": 17, "column": 3 }
      },
      "6": {
        "start": { "line": 14, "column": 4 },
        "end": { "line": 16, "column": 6 }
      },
      "7": {
        "start": { "line": 19, "column": 22 },
        "end": { "line": 25, "column": 3 }
      },
      "8": {
        "start": { "line": 20, "column": 4 },
        "end": { "line": 20, "column": 35 }
      },
      "9": {
        "start": { "line": 21, "column": 4 },
        "end": { "line": 23, "column": 5 }
      },
      "10": {
        "start": { "line": 22, "column": 8 },
        "end": { "line": 22, "column": 13 }
      },
      "11": {
        "start": { "line": 24, "column": 4 },
        "end": { "line": 24, "column": 18 }
      },
      "12": {
        "start": { "line": 27, "column": 20 },
        "end": { "line": 33, "column": 3 }
      },
      "13": {
        "start": { "line": 28, "column": 4 },
        "end": { "line": 28, "column": 22 }
      },
      "14": {
        "start": { "line": 30, "column": 4 },
        "end": { "line": 32, "column": 6 }
      },
      "15": {
        "start": { "line": 31, "column": 6 },
        "end": { "line": 31, "column": 27 }
      },
      "16": {
        "start": { "line": 35, "column": 31 },
        "end": { "line": 39, "column": 3 }
      },
      "17": {
        "start": { "line": 37, "column": 26 },
        "end": { "line": 37, "column": 42 }
      },
      "18": {
        "start": { "line": 41, "column": 16 },
        "end": { "line": 41, "column": 74 }
      },
      "19": {
        "start": { "line": 41, "column": 48 },
        "end": { "line": 41, "column": 73 }
      },
      "20": {
        "start": { "line": 43, "column": 2 },
        "end": { "line": 46, "column": 4 }
      },
      "21": {
        "start": { "line": 44, "column": 28 },
        "end": { "line": 44, "column": 46 }
      },
      "22": {
        "start": { "line": 49, "column": 4 },
        "end": { "line": 49, "column": 25 }
      },
      "23": {
        "start": { "line": 52, "column": 2 },
        "end": { "line": 57, "column": 4 }
      }
    },
    "fnMap": {
      "0": {
        "name": "(anonymous_0)",
        "decl": {
          "start": { "line": 3, "column": 50 },
          "end": { "line": 3, "column": 51 }
        },
        "loc": {
          "start": { "line": 7, "column": 5 },
          "end": { "line": 58, "column": 1 }
        },
        "line": 7
      },
      "1": {
        "name": "(anonymous_1)",
        "decl": {
          "start": { "line": 11, "column": 19 },
          "end": { "line": 11, "column": 20 }
        },
        "loc": {
          "start": { "line": 11, "column": 25 },
          "end": { "line": 11, "column": 30 }
        },
        "line": 11
      },
      "2": {
        "name": "(anonymous_2)",
        "decl": {
          "start": { "line": 13, "column": 39 },
          "end": { "line": 13, "column": 40 }
        },
        "loc": {
          "start": { "line": 13, "column": 52 },
          "end": { "line": 17, "column": 3 }
        },
        "line": 13
      },
      "3": {
        "name": "(anonymous_3)",
        "decl": {
          "start": { "line": 19, "column": 22 },
          "end": { "line": 19, "column": 23 }
        },
        "loc": {
          "start": { "line": 19, "column": 39 },
          "end": { "line": 25, "column": 3 }
        },
        "line": 19
      },
      "4": {
        "name": "(anonymous_4)",
        "decl": {
          "start": { "line": 27, "column": 20 },
          "end": { "line": 27, "column": 21 }
        },
        "loc": {
          "start": { "line": 27, "column": 40 },
          "end": { "line": 33, "column": 3 }
        },
        "line": 27
      },
      "5": {
        "name": "(anonymous_5)",
        "decl": {
          "start": { "line": 30, "column": 11 },
          "end": { "line": 30, "column": 12 }
        },
        "loc": {
          "start": { "line": 30, "column": 17 },
          "end": { "line": 32, "column": 5 }
        },
        "line": 30
      },
      "6": {
        "name": "(anonymous_6)",
        "decl": {
          "start": { "line": 37, "column": 14 },
          "end": { "line": 37, "column": 15 }
        },
        "loc": {
          "start": { "line": 37, "column": 26 },
          "end": { "line": 37, "column": 42 }
        },
        "line": 37
      },
      "7": {
        "name": "(anonymous_7)",
        "decl": {
          "start": { "line": 41, "column": 32 },
          "end": { "line": 41, "column": 33 }
        },
        "loc": {
          "start": { "line": 41, "column": 48 },
          "end": { "line": 41, "column": 73 }
        },
        "line": 41
      },
      "8": {
        "name": "(anonymous_8)",
        "decl": {
          "start": { "line": 44, "column": 4 },
          "end": { "line": 44, "column": 5 }
        },
        "loc": {
          "start": { "line": 44, "column": 28 },
          "end": { "line": 44, "column": 46 }
        },
        "line": 44
      },
      "9": {
        "name": "replaceReducer",
        "decl": {
          "start": { "line": 48, "column": 11 },
          "end": { "line": 48, "column": 25 }
        },
        "loc": {
          "start": { "line": 48, "column": 43 },
          "end": { "line": 50, "column": 3 }
        },
        "line": 48
      }
    },
    "branchMap": {
      "0": {
        "loc": {
          "start": { "line": 6, "column": 2 },
          "end": { "line": 6, "column": 18 }
        },
        "type": "default-arg",
        "locations": [
          {
            "start": { "line": 6, "column": 16 },
            "end": { "line": 6, "column": 18 }
          }
        ],
        "line": 6
      }
    },
    "s": {
      "0": 1,
      "1": 6,
      "2": 6,
      "3": 6,
      "4": 4,
      "5": 6,
      "6": 0,
      "7": 6,
      "8": 6,
      "9": 6,
      "10": 3,
      "11": 6,
      "12": 6,
      "13": 3,
      "14": 3,
      "15": 1,
      "16": 6,
      "17": 0,
      "18": 6,
      "19": 0,
      "20": 6,
      "21": 0,
      "22": 0,
      "23": 6
    },
    "f": {
      "0": 6,
      "1": 4,
      "2": 0,
      "3": 6,
      "4": 3,
      "5": 1,
      "6": 0,
      "7": 0,
      "8": 0,
      "9": 0
    },
    "b": { "0": [6] },
    "_coverageSchema": "1a1c01bbd47fc00a2c39e90264f33305004495a9",
    "hash": "38893df69e9d5c441f16f413b68b34e07f2d1856"
  }
}
