TN:
SF:src\redux-api\createStore.ts
FN:3,(anonymous_0)
FN:11,(anonymous_1)
FN:13,(anonymous_2)
FN:19,(anonymous_3)
FN:27,(anonymous_4)
FN:30,(anonymous_5)
FN:37,(anonymous_6)
FN:41,(anonymous_7)
FN:44,(anonymous_8)
FN:48,replaceReducer
FNF:10
FNH:5
FNDA:6,(anonymous_0)
FNDA:4,(anonymous_1)
FNDA:0,(anonymous_2)
FNDA:6,(anonymous_3)
FNDA:3,(anonymous_4)
FNDA:1,(anonymous_5)
FNDA:0,(anonymous_6)
FNDA:0,(anonymous_7)
FNDA:0,(anonymous_8)
FNDA:0,replaceReducer
DA:3,1
DA:8,6
DA:9,6
DA:11,6
DA:13,6
DA:14,0
DA:19,6
DA:20,6
DA:21,6
DA:22,3
DA:24,6
DA:27,6
DA:28,3
DA:30,3
DA:31,1
DA:35,6
DA:37,0
DA:41,6
DA:43,6
DA:44,0
DA:49,0
DA:52,6
LF:22
LH:18
BRDA:6,0,0,6
BRF:1
BRH:1
end_of_record
